<?xml version="1.0" encoding="UTF-8"?>
<testsuite xmlns:xsi="http://www.w3.org/2001/XMLSchema-instance" xsi:noNamespaceSchemaLocation="https://maven.apache.org/surefire/maven-surefire-plugin/xsd/surefire-test-report-3.0.xsd" version="3.0" name="TestSuite" time="9.151" tests="5" errors="0" skipped="0" failures="0">
  <properties>
[...]
</properties>
  <testcase name="runScenario[&quot;Verify creating order for a pet functionality is working&quot;, &quot;Validating Order Pet API&apos;s&quot;](1)" classname="testRunners.TestRunner" time="2.836"/>
  <testcase name="runScenario[&quot;Verify creating order for a pet functionality is working&quot;, &quot;Validating Order Pet API&apos;s&quot;](2)" classname="testRunners.TestRunner" time="0.812"/>
  <testcase name="runScenario[&quot;Verify if Add Pet functionality is working&quot;, &quot;Validating PetStore API&apos;s&quot;](3)" classname="testRunners.TestRunner" time="1.609"/>
  <testcase name="runScenario[&quot;Verify if Update Pet functionality is working&quot;, &quot;Validating PetStore API&apos;s&quot;](4)" classname="testRunners.TestRunner" time="1.571"/>
  <testcase name="runScenario[&quot;Verify if Delete Pet functionality is working&quot;, &quot;Validating PetStore API&apos;s&quot;](5)" classname="testRunners.TestRunner" time="1.502"/>
</testsuite>