<?xml version="1.0" encoding="UTF-8"?>
<testng-results skipped="0" failed="0" ignored="0" total="5" passed="5">
  <reporter-output>
  </reporter-output>
  <suite name="Test Suite" duration-ms="8839" started-at="2022-12-04T00:14:27 EET" finished-at="2022-12-04T00:14:36 EET">
    <groups>
      <group name="cucumber">
        <method signature="AbstractTestNGCucumberTests.runScenario(io.cucumber.testng.PickleWrapper,io.cucumber.testng.FeatureWrapper)[pri:0, instance:testRunners.TestRunner@6950e31]" name="runScenario" class="io.cucumber.testng.AbstractTestNGCucumberTests"/>
      </group> <!-- cucumber -->
    </groups>
    <test name="Test" duration-ms="8839" started-at="2022-12-04T00:14:27 EET" finished-at="2022-12-04T00:14:36 EET">
      <class name="testRunners.TestRunner">
        <test-method status="PASS" signature="setUpClass(org.testng.ITestContext)[pri:0, instance:testRunners.TestRunner@6950e31]" name="setUpClass" is-config="true" duration-ms="244" started-at="2022-12-04T00:14:27 EET" finished-at="2022-12-04T00:14:27 EET">
          <params>
            <param index="0">
              <value>
                <![CDATA[org.testng.TestRunner@5d3ff859]]>
              </value>
            </param>
          </params>
          <reporter-output>
          </reporter-output>
        </test-method> <!-- setUpClass -->
        <test-method status="PASS" signature="runScenario(io.cucumber.testng.PickleWrapper,io.cucumber.testng.FeatureWrapper)[pri:0, instance:testRunners.TestRunner@6950e31]" name="runScenario" duration-ms="2836" started-at="2022-12-04T00:14:27 EET" description="Runs Cucumber Scenarios" data-provider="scenarios" finished-at="2022-12-04T00:14:30 EET">
          <params>
            <param index="0">
              <value>
                <![CDATA["Verify creating order for a pet functionality is working"]]>
              </value>
            </param>
            <param index="1">
              <value>
                <![CDATA["Validating Order Pet API's"]]>
              </value>
            </param>
          </params>
          <reporter-output>
          </reporter-output>
        </test-method> <!-- runScenario -->
        <test-method status="PASS" signature="runScenario(io.cucumber.testng.PickleWrapper,io.cucumber.testng.FeatureWrapper)[pri:0, instance:testRunners.TestRunner@6950e31]" name="runScenario" duration-ms="812" started-at="2022-12-04T00:14:30 EET" description="Runs Cucumber Scenarios" data-provider="scenarios" finished-at="2022-12-04T00:14:31 EET">
          <params>
            <param index="0">
              <value>
                <![CDATA["Verify creating order for a pet functionality is working"]]>
              </value>
            </param>
            <param index="1">
              <value>
                <![CDATA["Validating Order Pet API's"]]>
              </value>
            </param>
          </params>
          <reporter-output>
          </reporter-output>
        </test-method> <!-- runScenario -->
        <test-method status="PASS" signature="runScenario(io.cucumber.testng.PickleWrapper,io.cucumber.testng.FeatureWrapper)[pri:0, instance:testRunners.TestRunner@6950e31]" name="runScenario" duration-ms="1608" started-at="2022-12-04T00:14:31 EET" description="Runs Cucumber Scenarios" data-provider="scenarios" finished-at="2022-12-04T00:14:33 EET">
          <params>
            <param index="0">
              <value>
                <![CDATA["Verify if Add Pet functionality is working"]]>
              </value>
            </param>
            <param index="1">
              <value>
                <![CDATA["Validating PetStore API's"]]>
              </value>
            </param>
          </params>
          <reporter-output>
          </reporter-output>
        </test-method> <!-- runScenario -->
        <test-method status="PASS" signature="runScenario(io.cucumber.testng.PickleWrapper,io.cucumber.testng.FeatureWrapper)[pri:0, instance:testRunners.TestRunner@6950e31]" name="runScenario" duration-ms="1571" started-at="2022-12-04T00:14:33 EET" description="Runs Cucumber Scenarios" data-provider="scenarios" finished-at="2022-12-04T00:14:34 EET">
          <params>
            <param index="0">
              <value>
                <![CDATA["Verify if Update Pet functionality is working"]]>
              </value>
            </param>
            <param index="1">
              <value>
                <![CDATA["Validating PetStore API's"]]>
              </value>
            </param>
          </params>
          <reporter-output>
          </reporter-output>
        </test-method> <!-- runScenario -->
        <test-method status="PASS" signature="runScenario(io.cucumber.testng.PickleWrapper,io.cucumber.testng.FeatureWrapper)[pri:0, instance:testRunners.TestRunner@6950e31]" name="runScenario" duration-ms="1502" started-at="2022-12-04T00:14:34 EET" description="Runs Cucumber Scenarios" data-provider="scenarios" finished-at="2022-12-04T00:14:36 EET">
          <params>
            <param index="0">
              <value>
                <![CDATA["Verify if Delete Pet functionality is working"]]>
              </value>
            </param>
            <param index="1">
              <value>
                <![CDATA["Validating PetStore API's"]]>
              </value>
            </param>
          </params>
          <reporter-output>
          </reporter-output>
        </test-method> <!-- runScenario -->
        <test-method status="PASS" signature="tearDownClass()[pri:0, instance:testRunners.TestRunner@6950e31]" name="tearDownClass" is-config="true" duration-ms="239" started-at="2022-12-04T00:14:36 EET" finished-at="2022-12-04T00:14:36 EET">
          <reporter-output>
          </reporter-output>
        </test-method> <!-- tearDownClass -->
      </class> <!-- testRunners.TestRunner -->
    </test> <!-- Test -->
  </suite> <!-- Test Suite -->
</testng-results>
